
Showing logs for build [32mcb-kubecd-environment-pr-179-1-hbtw6-1[0m stage [32mfrom-build-pack[0m and container [32mstep-credential-initializer-jqt74[0m
{"level":"warn","ts":1583895580.746277,"logger":"fallback-logger","caller":"logging/config.go:69","msg":"Fetch GitHub commit ID from kodata failed: \"ref: refs/heads/0.8.0-**-support-backwards-incompats\" is not a valid GitHub commit ID"}
{"level":"info","ts":1583895580.7473423,"logger":"fallback-logger","caller":"creds-init/main.go:40","msg":"Credentials initialized."}

Showing logs for build [32mcb-kubecd-environment-pr-179-1-hbtw6-1[0m stage [32mfrom-build-pack[0m and container [32mstep-working-dir-initializer-hwhgl[0m
{"level":"warn","ts":1583895581.8150403,"logger":"fallback-logger","caller":"logging/config.go:69","msg":"Fetch GitHub commit ID from kodata failed: open /var/run/ko/HEAD: no such file or directory"}
{"level":"info","ts":1583895581.8170712,"logger":"fallback-logger","caller":"bash/main.go:64","msg":"Successfully executed command \"sh -c mkdir -p /workspace/source\"; output "}

Showing logs for build [32mcb-kubecd-environment-pr-179-1-hbtw6-1[0m stage [32mfrom-build-pack[0m and container [32mstep-place-tools[0m

Showing logs for build [32mcb-kubecd-environment-pr-179-1-hbtw6-1[0m stage [32mfrom-build-pack[0m and container [32mstep-git-source-cb-kubecd-environment-pr-179-1-hbtw6-x5k5r[0m
{"level":"warn","ts":1583895585.9871817,"logger":"fallback-logger","caller":"logging/config.go:69","msg":"Fetch GitHub commit ID from kodata failed: \"ref: refs/heads/0.8.0-**-support-backwards-incompats\" is not a valid GitHub commit ID"}
{"level":"info","ts":1583895587.09228,"logger":"fallback-logger","caller":"git/git.go:103","msg":"Successfully cloned https://github.com/cb-kubecd/environment-pr-179-1-boot-gke-staging.git @ master in path /workspace/source"}

Showing logs for build [32mcb-kubecd-environment-pr-179-1-hbtw6-1[0m stage [32mfrom-build-pack[0m and container [32mstep-git-merge[0m
Using SHAs from PULL_REFS=master:1ac8336fd971b5985a4d2b75a3c551641370c4de,3:a0bf3a4031456a0ac263c3b9eef4a7e313df3353
DEBUG: LC_ALL=C JX_LOG_LEVEL=error git fetch origin --unshallow a0bf3a4031456a0ac263c3b9eef4a7e313df3353: 1ac8336fd971b5985a4d2b75a3c551641370c4de:
DEBUG: ran git fetch --unshallow origin a0bf3a4031456a0ac263c3b9eef4a7e313df3353: 1ac8336fd971b5985a4d2b75a3c551641370c4de: in 
DEBUG: LC_ALL=C JX_LOG_LEVEL=error git branch
DEBUG: LC_ALL=C JX_LOG_LEVEL=error git checkout master
DEBUG: ran git checkout master in 
DEBUG: LC_ALL=C JX_LOG_LEVEL=error git reset --hard 1ac8336fd971b5985a4d2b75a3c551641370c4de
DEBUG: ran git reset --hard 1ac8336fd971b5985a4d2b75a3c551641370c4de in 
DEBUG: LC_ALL=C JX_LOG_LEVEL=error git clean -fd .
DEBUG: ran clean --force -d . in 
DEBUG: LC_ALL=C JX_LOG_LEVEL=error git merge a0bf3a4031456a0ac263c3b9eef4a7e313df3353
DEBUG: ran git merge a0bf3a4031456a0ac263c3b9eef4a7e313df3353 in 
DEBUG: LC_ALL=C JX_LOG_LEVEL=error git log --format=%H%x1f%an%x1f%ae%x1f%cn%x1f%ce%x1f%s%n%b%x1e 1ac8336fd971b5985a4d2b75a3c551641370c4de..HEAD
Merged SHA a0bf3a4031456a0ac263c3b9eef4a7e313df3353 with commit message 'chore: Promote bdd-gh-1583894725 to version 0.0.1' into base branch master

Showing logs for build [32mcb-kubecd-environment-pr-179-1-hbtw6-1[0m stage [32mfrom-build-pack[0m and container [32mstep-build-helm-build[0m
WARNING: No $CHART_REPOSITORY defined so using the default value of: http://jenkins-x-chartmuseum:8080
Adding missing Helm repo: storage.googleapis.com https://storage.googleapis.com/chartmuseum.jenkins-x.io
WARNING: No secrets found on "helm/repos" due: reading the secret "helm/repos" from vault: no secret "helm/repos" not found in vault
Read credentials for https://storage.googleapis.com/chartmuseum.jenkins-x.io from vault helm/repos
Successfully added Helm repository storage.googleapis.com.
Adding missing Helm repo: jenkins-x-chartmuseum http://jenkins-x-chartmuseum:8080
WARNING: No secrets found on "helm/repos" due: reading the secret "helm/repos" from vault: no secret "helm/repos" not found in vault
Read credentials for http://jenkins-x-chartmuseum:8080 from vault helm/repos
Successfully added Helm repository jenkins-x-chartmuseum.
WARNING: No $CHART_REPOSITORY defined so using the default value of: http://jenkins-x-chartmuseum:8080
Adding missing Helm repo: chartmuseum.jenkins-x.io http://chartmuseum.jenkins-x.io
WARNING: No secrets found on "helm/repos" due: reading the secret "helm/repos" from vault: no secret "helm/repos" not found in vault
Read credentials for http://chartmuseum.jenkins-x.io from vault helm/repos
Successfully added Helm repository chartmuseum.jenkins-x.io.
