
Showing logs for build [32mcb-kubecd-environment-pr-179-1-4dhrd-1[0m stage [32mfrom-build-pack[0m and container [32mstep-credential-initializer-gp95q[0m
{"level":"warn","ts":1583897224.2552392,"logger":"fallback-logger","caller":"logging/config.go:69","msg":"Fetch GitHub commit ID from kodata failed: \"ref: refs/heads/0.8.0-**-support-backwards-incompats\" is not a valid GitHub commit ID"}
{"level":"info","ts":1583897224.255922,"logger":"fallback-logger","caller":"creds-init/main.go:40","msg":"Credentials initialized."}

Showing logs for build [32mcb-kubecd-environment-pr-179-1-4dhrd-1[0m stage [32mfrom-build-pack[0m and container [32mstep-working-dir-initializer-xg2vm[0m
{"level":"warn","ts":1583897225.5606735,"logger":"fallback-logger","caller":"logging/config.go:69","msg":"Fetch GitHub commit ID from kodata failed: open /var/run/ko/HEAD: no such file or directory"}
{"level":"info","ts":1583897225.5621958,"logger":"fallback-logger","caller":"bash/main.go:64","msg":"Successfully executed command \"sh -c mkdir -p /workspace/source\"; output "}

Showing logs for build [32mcb-kubecd-environment-pr-179-1-4dhrd-1[0m stage [32mfrom-build-pack[0m and container [32mstep-place-tools[0m

Showing logs for build [32mcb-kubecd-environment-pr-179-1-4dhrd-1[0m stage [32mfrom-build-pack[0m and container [32mstep-git-source-cb-kubecd-environment-pr-179-1-4dhrd-xjgdr[0m
{"level":"warn","ts":1583897253.6175165,"logger":"fallback-logger","caller":"logging/config.go:69","msg":"Fetch GitHub commit ID from kodata failed: \"ref: refs/heads/0.8.0-**-support-backwards-incompats\" is not a valid GitHub commit ID"}
{"level":"info","ts":1583897254.7015276,"logger":"fallback-logger","caller":"git/git.go:103","msg":"Successfully cloned https://github.com/cb-kubecd/environment-pr-179-1-boot-gke-staging.git @ master in path /workspace/source"}

Showing logs for build [32mcb-kubecd-environment-pr-179-1-4dhrd-1[0m stage [32mfrom-build-pack[0m and container [32mstep-git-merge[0m
Using SHAs from PULL_REFS=master:7548abe1f10774177c758aec73e547f40ba41471,5:b4b3b847bba0649876632e4748ecb65e1e2abf11
DEBUG: LC_ALL=C JX_LOG_LEVEL=error git fetch origin --unshallow b4b3b847bba0649876632e4748ecb65e1e2abf11: 7548abe1f10774177c758aec73e547f40ba41471:
DEBUG: ran git fetch --unshallow origin b4b3b847bba0649876632e4748ecb65e1e2abf11: 7548abe1f10774177c758aec73e547f40ba41471: in 
DEBUG: LC_ALL=C JX_LOG_LEVEL=error git branch
DEBUG: LC_ALL=C JX_LOG_LEVEL=error git checkout master
DEBUG: ran git checkout master in 
DEBUG: LC_ALL=C JX_LOG_LEVEL=error git reset --hard 7548abe1f10774177c758aec73e547f40ba41471
DEBUG: ran git reset --hard 7548abe1f10774177c758aec73e547f40ba41471 in 
DEBUG: LC_ALL=C JX_LOG_LEVEL=error git clean -fd .
DEBUG: ran clean --force -d . in 
DEBUG: LC_ALL=C JX_LOG_LEVEL=error git merge b4b3b847bba0649876632e4748ecb65e1e2abf11
DEBUG: ran git merge b4b3b847bba0649876632e4748ecb65e1e2abf11 in 
DEBUG: LC_ALL=C JX_LOG_LEVEL=error git log --format=%H%x1f%an%x1f%ae%x1f%cn%x1f%ce%x1f%s%n%b%x1e 7548abe1f10774177c758aec73e547f40ba41471..HEAD
Merged SHA b4b3b847bba0649876632e4748ecb65e1e2abf11 with commit message 'chore: Promote bdd-sbhg-import-1583896878 to version 0.0.1' into base branch master

Showing logs for build [32mcb-kubecd-environment-pr-179-1-4dhrd-1[0m stage [32mfrom-build-pack[0m and container [32mstep-build-helm-build[0m
WARNING: No $CHART_REPOSITORY defined so using the default value of: http://jenkins-x-chartmuseum:8080
Adding missing Helm repo: storage.googleapis.com https://storage.googleapis.com/chartmuseum.jenkins-x.io
WARNING: No secrets found on "helm/repos" due: reading the secret "helm/repos" from vault: no secret "helm/repos" not found in vault
Read credentials for https://storage.googleapis.com/chartmuseum.jenkins-x.io from vault helm/repos
Successfully added Helm repository storage.googleapis.com.
Adding missing Helm repo: jenkins-x-chartmuseum http://jenkins-x-chartmuseum:8080
WARNING: No secrets found on "helm/repos" due: reading the secret "helm/repos" from vault: no secret "helm/repos" not found in vault
Read credentials for http://jenkins-x-chartmuseum:8080 from vault helm/repos
Successfully added Helm repository jenkins-x-chartmuseum.
WARNING: No $CHART_REPOSITORY defined so using the default value of: http://jenkins-x-chartmuseum:8080
Adding missing Helm repo: chartmuseum.jenkins-x.io http://chartmuseum.jenkins-x.io
WARNING: No secrets found on "helm/repos" due: reading the secret "helm/repos" from vault: no secret "helm/repos" not found in vault
Read credentials for http://chartmuseum.jenkins-x.io from vault helm/repos
Successfully added Helm repository chartmuseum.jenkins-x.io.
