
Showing logs for build [32mcb-kubecd-environment-pr-179-1-g58ll-1[0m stage [32mfrom-build-pack[0m and container [32mstep-credential-initializer-ppnhv[0m
{"level":"warn","ts":1583893985.9226594,"logger":"fallback-logger","caller":"logging/config.go:69","msg":"Fetch GitHub commit ID from kodata failed: \"ref: refs/heads/0.8.0-**-support-backwards-incompats\" is not a valid GitHub commit ID"}
{"level":"info","ts":1583893985.9247122,"logger":"fallback-logger","caller":"creds-init/main.go:40","msg":"Credentials initialized."}

Showing logs for build [32mcb-kubecd-environment-pr-179-1-g58ll-1[0m stage [32mfrom-build-pack[0m and container [32mstep-working-dir-initializer-rjdsl[0m
{"level":"warn","ts":1583893986.8737805,"logger":"fallback-logger","caller":"logging/config.go:69","msg":"Fetch GitHub commit ID from kodata failed: open /var/run/ko/HEAD: no such file or directory"}
{"level":"info","ts":1583893986.875736,"logger":"fallback-logger","caller":"bash/main.go:64","msg":"Successfully executed command \"sh -c mkdir -p /workspace/source\"; output "}

Showing logs for build [32mcb-kubecd-environment-pr-179-1-g58ll-1[0m stage [32mfrom-build-pack[0m and container [32mstep-place-tools[0m

Showing logs for build [32mcb-kubecd-environment-pr-179-1-g58ll-1[0m stage [32mfrom-build-pack[0m and container [32mstep-git-source-cb-kubecd-environment-pr-179-1-g58ll-rq9tg[0m
{"level":"warn","ts":1583893993.1160886,"logger":"fallback-logger","caller":"logging/config.go:69","msg":"Fetch GitHub commit ID from kodata failed: \"ref: refs/heads/0.8.0-**-support-backwards-incompats\" is not a valid GitHub commit ID"}
{"level":"info","ts":1583893994.279349,"logger":"fallback-logger","caller":"git/git.go:103","msg":"Successfully cloned https://github.com/cb-kubecd/environment-pr-179-1-boot-gke-staging.git @ master in path /workspace/source"}

Showing logs for build [32mcb-kubecd-environment-pr-179-1-g58ll-1[0m stage [32mfrom-build-pack[0m and container [32mstep-git-merge[0m
Using SHAs from PULL_REFS=master:f07e7ecf12becf6637ea80749bf47e7b86d02d21,1:694a47472137d76e0a6948878bd6d0825b47bdd2
DEBUG: LC_ALL=C JX_LOG_LEVEL=error git fetch origin --unshallow 694a47472137d76e0a6948878bd6d0825b47bdd2: f07e7ecf12becf6637ea80749bf47e7b86d02d21:
DEBUG: ran git fetch --unshallow origin 694a47472137d76e0a6948878bd6d0825b47bdd2: f07e7ecf12becf6637ea80749bf47e7b86d02d21: in 
DEBUG: LC_ALL=C JX_LOG_LEVEL=error git branch
DEBUG: LC_ALL=C JX_LOG_LEVEL=error git checkout master
DEBUG: ran git checkout master in 
DEBUG: JX_LOG_LEVEL=error LC_ALL=C git reset --hard f07e7ecf12becf6637ea80749bf47e7b86d02d21
DEBUG: ran git reset --hard f07e7ecf12becf6637ea80749bf47e7b86d02d21 in 
DEBUG: JX_LOG_LEVEL=error LC_ALL=C git clean -fd .
DEBUG: ran clean --force -d . in 
DEBUG: JX_LOG_LEVEL=error LC_ALL=C git merge 694a47472137d76e0a6948878bd6d0825b47bdd2
DEBUG: ran git merge 694a47472137d76e0a6948878bd6d0825b47bdd2 in 
DEBUG: LC_ALL=C JX_LOG_LEVEL=error git log --format=%H%x1f%an%x1f%ae%x1f%cn%x1f%ce%x1f%s%n%b%x1e f07e7ecf12becf6637ea80749bf47e7b86d02d21..HEAD
Merged SHA 694a47472137d76e0a6948878bd6d0825b47bdd2 with commit message 'chore: Promote bdd-spring-1583893505 to version 0.0.1' into base branch master

Showing logs for build [32mcb-kubecd-environment-pr-179-1-g58ll-1[0m stage [32mfrom-build-pack[0m and container [32mstep-build-helm-build[0m
WARNING: No $CHART_REPOSITORY defined so using the default value of: http://jenkins-x-chartmuseum:8080
Adding missing Helm repo: storage.googleapis.com https://storage.googleapis.com/chartmuseum.jenkins-x.io
WARNING: No secrets found on "helm/repos" due: reading the secret "helm/repos" from vault: no secret "helm/repos" not found in vault
Read credentials for https://storage.googleapis.com/chartmuseum.jenkins-x.io from vault helm/repos
Successfully added Helm repository storage.googleapis.com.
Adding missing Helm repo: jenkins-x-chartmuseum http://jenkins-x-chartmuseum:8080
WARNING: No secrets found on "helm/repos" due: reading the secret "helm/repos" from vault: no secret "helm/repos" not found in vault
Read credentials for http://jenkins-x-chartmuseum:8080 from vault helm/repos
Successfully added Helm repository jenkins-x-chartmuseum.
WARNING: No $CHART_REPOSITORY defined so using the default value of: http://jenkins-x-chartmuseum:8080
Adding missing Helm repo: chartmuseum.jenkins-x.io http://chartmuseum.jenkins-x.io
WARNING: No secrets found on "helm/repos" due: reading the secret "helm/repos" from vault: no secret "helm/repos" not found in vault
Read credentials for http://chartmuseum.jenkins-x.io from vault helm/repos
Successfully added Helm repository chartmuseum.jenkins-x.io.
